1528180510870	geckodriver	INFO	geckodriver 0.20.1
1528180510896	geckodriver	INFO	Listening on 127.0.0.1:39422
1528180512921	mozrunner::runner	INFO	Running command: "C:\\Program Files\\Mozilla Firefox\\firefox.exe" "-marionette" "-profile" "C:\\Users\\wz\\AppData\\Local\\Temp\\rust_mozprofile.5IBaRO8H1sjO"
1528180517029	Marionette	INFO	Listening on port 39430
1528180517096	Marionette	WARN	TLS certificate errors will be ignored for this session
[Parent 20204, Gecko_IOThread] WARNING: pipe error: 109: file z:/build/build/src/ipc/chromium/src/chrome/common/ipc_channel_win.cc, line 346

###!!! [Child][MessageChannel::SendAndWait] Error: Channel error: cannot send/recv

profile" "C:\\Users\\wz\\AppData\\Local\\Temp\\rust_mozprofile.1IwEw9LfX6Om"
1528180594221	Marionette	INFO	Listening on port 39601
1528180594502	Marionette	WARN	TLS certificate errors will be ignored for this session
[Parent 13536, Gecko_IOThread] WARNING: pipe error: 109: file z:/build/build/src/ipc/chromium/src/chrome/common/ipc_channel_win.cc, line 346
[Parent 13536, Gecko_IOThread] WARNING: pipe error: 109: file z:/build/build/src/ipc/chromium/src/chrome/common/ipc_channel_win.cc, line 346
[Child 16792, Chrome_ChildThread] WARNING: pipe error: 109: file z:/build/build/src/ipc/chromium/src/chrome/common/ipc_channel_win.cc, line 346

###!!! [Child][MessageChannel::SendAndWait] Error: Channel error: cannot send/recv

1528180889109	geckodriver	INFO	geckodriver 0.20.1
1528180889133	geckodriver	INFO	Listening on 127.0.0.1:40733
1528180891147	mozrunner::runner	INFO	Running command: "C:\\Program Files\\Mozilla Firefox\\firefox.exe" "-marionette" "-profile" "C:\\Users\\wz\\AppData\\Local\\Temp\\rust_mozprofile.UMYk64clxM5O"
1528180895303	Marionette	INFO	Listening on port 40743
1528180896397	Marionette	WARN	TLS certificate errors will be ignored for this session
[Child 14480, Chrome_ChildThread] WARNING: pipe error:[Child 4272, Chrome_ChildThread] WARNING: pipe error: 109: file z:/build/build/src/ipc/chromium/src/chrome/common/ipc_channel_win.cc, line 346
[Child
###!!! [Child][MessageChannel::SendAndWait] Error: Channel error: cannot send/recv

1528181398876	geckodriver	INFO	geckodriver 0.20.1
1528181398905	geckodriver	INFO	Listening on 127.0.0.1:42399
1528181400918	mozrunner::runner	INFO	Running command: "C:\\Program Files\\Mozilla Firefox\\firefox.exe" "-marionette" "-profile" "C:\\Users\\wz\\AppData\\Local\\Temp\\rust_mozprofile.Arz39MeiL4o4"
1528181404968	Marionette	INFO	Listening on port 42408
1528181405150	Marionette	WARN	TLS certificate errors will be ignored for this session
[Parent 4424, Gecko_IOThread] WARNING: pipe error: 109: file z:/build/build/src/ipc/chromium/src/chrome/common/ipc_channel_win.cc, line 346
[Child 24476, Chrome
###!!! [Child][RunMessage] Error: Channel closing: too late to send/recv, messages will be lost

_ChildThread] WARNING: pipe error: 109: file z:/bu[Child 23992, Chrome_ChildThread] WARNING: pipe erroild/build/src/ipc/chromium/src/chrome/common/ipc_channel_win.cc, line 346r
: 109:[Child 24476,  file z:/build/build/src/ipc/chromium/src/chrome/common/ipc_channel_win.cc, line 346
[Ch*** UTM:SVC TimerManager:registerTimer called after profile-before-change notification. Ignoring timer registration for id: telemetry_modules_ping

###!!! [Child][MessageChannel::SendAndWait] Error: Channel error: cannot send/recv

1528181450702	geckodriver	INFO	geckodriver 0.20.1
1528181450727	geckodriver	INFO	Listening on 127.0.0.1:42537
1528181452743	mozrunner::runner	INFO	Running command: "C:\\Program Files\\Mozilla Firefox\\firefox.exe" "-marionette" "-profile" "C:\\Users\\wz\\AppData\\Local\\Temp\\rust_mozprofile.0oJp7hKBLvxM"
1528181456771	Marionette	INFO	Listening on port 42545
1528181457067	Marionette	WARN	TLS certificate errors will be ignored for this session
[Parent 21732, Gecko_IOThread] WARNING: pipe error: 109: file z:/build/build/src/ipc/chromium/src/chrome/common/ipc_channel_win.cc, line 346
*** UTM:SVC TimerManager:registerTimer called after profile-before-change notification. Ignoring timer registration for id: telemetry_modules_ping
[GPU 14876, Chrome_ChildThread] WARNING: pipe error: 109: file z:/build/build/src/ipc/chromium/src/chrome/common/ipc_channel_win.cc, line 346

###!!! [Child][MessageChannel::SendAndWait] Error: Channel error: cannot send/recv

1528181682555	geckodriver	INFO	geckodriver 0.20.1
1528181682579	geckodriver	INFO	Listening on 127.0.0.1:43191
1528181684622	mozrunner::runner	INFO	Running command: "C:\\Program Files\\Mozilla Firefox\\firefox.exe" "-marionette" "-profile" "C:\\Users\\wz\\AppData\\Local\\Temp\\rust_mozprofile.Gk362j7gVVgO"
1528181688819	Marionette	INFO	Listening on port 43199
1528181689884	Marionette	WARN	TLS certificate errors will be ignored for this session
[Parent 22644, Gecko_IOThread] WARNING: pipe error: 109: file z:/build/build/src/ipc/chromium/src/chrome/common/ipc_channel_win.cc, line 346

###!!! [Child][MessageChannel::SendAndWait] Error: Channel error: cannot send/recv

1528182429506	geckodriver	INFO	geckodriver 0.20.1
1528182429530	geckodriver	INFO	Listening on 127.0.0.1:46557
1528182431537	mozrunner::runner	INFO	Running command: "C:\\Program Files\\Mozilla Firefox\\firefox.exe" "-marionette" "-profile" "C:\\Users\\wz\\AppData\\Local\\Temp\\rust_mozprofile.OAuJmAza4teI"
1528182435503	Marionette	INFO	Listening on port 46563
1528182435738	Marionette	WARN	TLS certificate errors will be ignored for this session
[Parent 12424, Gecko_IOThread] WARNING: pipe error: 109: file z:/build/build/src/ipc/chromium/src/chrome/common/ipc_channel_win.cc, line 346
[Parent 12424, Gecko_IOThread] WARNING: pipe error: 109: file z:/build/build/src/ipc/chromium/src/chrome/common/ipc_channel_win.cc, line 346
[Child 9604, Chrome_ChildThread] WARNING: pipe error: 109: file z:/build/build/src/ipc/chromium/src/chrome/common/ipc_channel_win.cc, line 346
[C*** UTM:SVC TimerManager:registerTimer called after profile-before-change notification. Ignoring timer registration for id: telemetry_modules_ping

###!!! [Child][MessageChannel::SendAndWait] Error: Channel error: cannot send/recv

1528182495646	geckodriver	INFO	geckodriver 0.20.1
1528182495673	geckodriver	INFO	Listening on 127.0.0.1:46690
1528182497691	mozrunner::runner	INFO	Running command: "C:\\Program Files\\Mozilla Firefox\\firefox.exe" "-marionette" "-profile" "C:\\Users\\wz\\AppData\\Local\\Temp\\rust_mozprofile.IkGbWdUI9k3k"
1528182501471	Marionette	INFO	Listening on port 46696
1528182502023	Marionette	WARN	TLS certificate errors will be ignored for this session
JavaScript warning: http://jzsg.hebjs.gov.cn//Foundation/easyUI/Grid/ShowGrid.aspx?GridKey=890f5ac6-50f1-4cf2-bb6f-aa94a45f61dc, line 1: unreachable code after return statement
JavaScript warning: http://jzsg.hebjs.gov.cn//Foundation/easyUI/Grid/ShowGrid.aspx?GridKey=890f5ac6-50f1-4cf2-bb6f-aa94a45f61dc, line 1: unreachable code after return statement

###!!! [Child][MessageChannel::SendAndWait] Error: Channel error: cannot send/recv

1528183203638	geckodriver	INFO	geckodriver 0.20.1
1528183203662	geckodriver	INFO	Listening on 127.0.0.1:49533
1528183205696	mozrunner::runner	INFO	Running command: "C:\\Program Files\\Mozilla Firefox\\firefox.exe" "-marionette" "-profile" "C:\\Users\\wz\\AppData\\Local\\Temp\\rust_mozprofile.Wj79FVTxtFxe"
1528183210017	Marionette	INFO	Listening on port 49539
1528183210968	Marionette	WARN	TLS certificate errors will be ignored for this session
JavaScript warning: http://jzsg.hebjs.gov.cn/Foundation/LzProduct/Commonjs/jquery-1.4.1.js, line 3612: unreachable code after return statement
[Child 17016, Chrome_ChildThread] WARNING: pipe error: 109: file z:/build/build/src/ipc/chromium/src/chrome/common/ipc_channel_win.cc, line 346
[Child 17016, Chrome_ChildThread] WARNJavaScript warning: http://jzsg.hebjs.gov.cn/Foundation/LzProduct/Commonjs/jquery-1.4.1.js, line 3612: unreachable code after return statement
JavaScript error: http://jzsg.hebjs.gov.cn/jwkfbProject/HeBeiRealtyDev/Pages/Publish/Publish_ItemInfo1.aspx?PrjNum=131028-170320-01-06&Types=0, line 31: TypeError: $.fn.BuildProPhaseInfor is not a function
JavaScript warning: http://jzsg.hebjs.gov.cn/Foundation/LzProduct/Commonjs/jquery-1.4.1.js, line 3612: unreachable code after return statement
JavaScript error: http://jzsg.hebjs.gov.cn/jwkfbProject/HeBeiRealtyDev/Pages/Publish/Publish_ItemInfo1.aspx?PrjNum=131028-170320-01-05&Types=0, line 31: TypeError: $.fn.BuildProPhaseInfor is not a function
JavaScript warning: http://jzsg.hebjs.gov.cn/Foundation/LzProduct/Commonjs/jquery-1.4.1.js, line 3612: unreachable code after return statement
JavaScript error: http://jzsg.hebjs.gov.cn/jwkfbProject/HeBeiRealtyDev/Pages/Publish/Publish_ItemInfo1.aspx?PrjNum=131028-170314-01-01&Types=0, line 31: TypeError: $.fn.BuildProPhaseInfor is not a function
JavaScript error: http://jzsg.hebjs.gov.cn/jwkfbProject/HeBeiRealtyDev/Pages/Publish/Publish_ItemInfo1.aspx?PrjNum=130427-160818-01-22&Types=0, line 31: TypeError: $.fn.BuildProPhaseInfor is not a function
JavaScript error: http://jzsg.hebjs.gov.cn/jwkfbProject/HeBeiRealtyDev/Pages/Publish/Publish_ItemInfo1.aspx?PrjNum=130727-160629-01-11&Types=0, line 31: TypeError: $.fn.BuildProPhaseInfor is not a function
JavaScript error: http://jzsg.hebjs.gov.cn/jwkfbProject/HeBeiRealtyDev/Pages/Publish/Publish_ItemInfo1.aspx?PrjNum=130107-151217-01-06&Types=0, line 31: TypeError: $.fn.BuildProPhaseInfor is not a function
JavaScript error: http://jzsg.hebjs.gov.cn/jwkfbProject/HeBeiRealtyDev/Pages/Publish/Publish_ItemInfo1.aspx?PrjNum=130000-151204-01-10&Types=0, line 31: TypeError: $.fn.BuildProPhaseInfor is not a function
JavaScript error: http://jzsg.hebjs.gov.cn/jwkfbProject/HeBeiRealtyDev/Pages/Publish/Publish_ItemInfo1.aspx?PrjNum=130427-160818-01-11&Types=0, line 31: TypeError: $.fn.BuildProPhaseInfor is not a function
JavaScript error: http://jzsg.hebjs.gov.cn/jwkfbProject/HeBeiRealtyDev/Pages/Publish/Publish_ItemInfo1.aspx?PrjNum=131028-161206-01-01&Types=0, line 31: TypeError: $.fn.BuildProPhaseInfor is not a function
JavaScript error: http://jzsg.hebjs.gov.cn/jwkfbProject/HeBeiRealtyDev/Pages/Publish/Publish_ItemInfo1.aspx?PrjNum=131028-170314-01-02&Types=0, line 31: TypeError: $.fn.BuildProPhaseInfor is not a function
JavaScript error: http://jzsg.hebjs.gov.cn/jwkfbProject/HeBeiRealtyDev/Pages/Publish/Publish_ItemInfo1.aspx?PrjNum=131028-170320-01-03&Types=0, line 31: TypeError: $.fn.BuildProPhaseInfor is not a function
JavaScript error: http://jzsg.hebjs.gov.cn/jwkfbProject/HeBeiRealtyDev/Pages/Publish/Publish_ItemInfo1.aspx?PrjNum=131028-170320-01-05&Types=0, line 31: TypeError: $.fn.BuildProPhaseInfor is not a function
JavaScript error: http://jzsg.hebjs.gov.cn/jwkfbProject/HeBeiRealtyDev/Pages/Publish/Publish_ItemInfo1.aspx?PrjNum=131028-170320-01-06&Types=0, line 31: TypeError: $.fn.BuildProPhaseInfor is not a function
JavaScript error: http://jzsg.hebjs.gov.cn/jwkfbProject/HeBeiRealtyDev/Pages/Publish/Publish_ItemInfo1.aspx?PrjNum=131028-170321-01-02&Types=0, line 31: TypeError: $.fn.BuildProPhaseInfor is not a function
JavaScript error: http://jzsg.hebjs.gov.cn/jwkfbProject/HeBeiRealtyDev/Pages/Publish/Publish_ItemInfo1.aspx?PrjNum=131028-170927-01-03&Types=0, line 31: TypeError: $.fn.BuildProPhaseInfor is not a function
JavaScript error: http://jzsg.hebjs.gov.cn/jwkfbProject/HeBeiRealtyDev/Pages/Publish/Publish_ItemInfo1.aspx?PrjNum=131028-151229-01-08&Types=0, line 31: TypeError: $.fn.BuildProPhaseInfor is not a function
JavaScript error: http://jzsg.hebjs.gov.cn/jwkfbProject/HeBeiRealtyDev/Pages/Publish/Publish_ItemInfo1.aspx?PrjNum=131128-160113-01-04&Types=0, line 31: TypeError: $.fn.BuildProPhaseInfor is not a function
JavaScript error: http://jzsg.hebjs.gov.cn/jwkfbProject/HeBeiRealtyDev/Pages/Publish/Publish_ItemInfo1.aspx?PrjNum=131181-160715-01-15&Types=0, line 31: TypeError: $.fn.BuildProPhaseInfor is not a function
JavaScript error: http://jzsg.hebjs.gov.cn/jwkfbProject/HeBeiRealtyDev/Pages/Publish/Publish_ItemInfo1.aspx?PrjNum=131127-180205-01-01&Types=0, line 31: TypeError: $.fn.BuildProPhaseInfor is not a function
JavaScript error: http://jzsg.hebjs.gov.cn/jwkfbProject/HeBeiRealtyDev/Pages/Publish/Publish_ItemInfo1.aspx?PrjNum=131127-160617-01-01&Types=0, line 31: TypeError: $.fn.BuildProPhaseInfor is not a function
JavaScript error: http://jzsg.hebjs.gov.cn/jwkfbProject/HeBeiRealtyDev/Pages/Publish/Publish_ItemInfo1.aspx?PrjNum=131127-180224-01-01&Types=0, line 31: TypeError: $.fn.BuildProPhaseInfor is not a function
JavaScript error: http://jzsg.hebjs.gov.cn/jwkfbProject/HeBeiRealtyDev/Pages/Publish/Publish_ItemInfo1.aspx?PrjNum=131127-160707-01-07&Types=0, line 31: TypeError: $.fn.BuildProPhaseInfor is not a function
JavaScript error: http://jzsg.hebjs.gov.cn/jwkfbProject/HeBeiRealtyDev/Pages/Publish/Publish_ItemInfo1.aspx?PrjNum=131127-160707-01-02&Types=0, line 31: TypeError: $.fn.BuildProPhaseInfor is not a function
JavaScript error: http://jzsg.hebjs.gov.cn/jwkfbProject/HeBeiRealtyDev/Pages/Publish/Publish_ItemInfo1.aspx?PrjNum=131181-160708-01-09&Types=0, line 31: TypeError: $.fn.BuildProPhaseInfor is not a function
JavaScript error: http://jzsg.hebjs.gov.cn/jwkfbProject/HeBeiRealtyDev/Pages/Publish/Publish_ItemInfo1.aspx?PrjNum=131181-160701-01-16&Types=0, line 31: TypeError: $.fn.BuildProPhaseInfor is not a function
JavaScript error: http://jzsg.hebjs.gov.cn/jwkfbProject/HeBeiRealtyDev/Pages/Publish/Publish_ItemInfo1.aspx?PrjNum=131181-160701-01-23&Types=0, line 31: TypeError: $.fn.BuildProPhaseInfor is not a function
JavaScript error: http://jzsg.hebjs.gov.cn/jwkfbProject/HeBeiRealtyDev/Pages/Publish/Publish_ItemInfo1.aspx?PrjNum=131181-160706-01-02&Types=0, line 31: TypeError: $.fn.BuildProPhaseInfor is not a function
JavaScript error: http://jzsg.hebjs.gov.cn/jwkfbProject/HeBeiRealtyDev/Pages/Publish/Publish_ItemInfo1.aspx?PrjNum=131181-160706-01-02&Types=0, line 31: TypeError: $.fn.BuildProPhaseInfor is not a function
JavaScript error: http://jzsg.hebjs.gov.cn/jwkfbProject/HeBeiRealtyDev/Pages/Publish/Publish_ItemInfo1.aspx?PrjNum=131181-160706-01-03&Types=0, line 31: TypeError: $.fn.BuildProPhaseInfor is not a function
JavaScript error: http://jzsg.hebjs.gov.cn/jwkfbProject/HeBeiRealtyDev/Pages/Publish/Publish_ItemInfo1.aspx?PrjNum=131181-160706-01-06&Types=0, line 31: TypeError: $.fn.BuildProPhaseInfor is not a function
JavaScript error: http://jzsg.hebjs.gov.cn/jwkfbProject/HeBeiRealtyDev/Pages/Publish/Publish_ItemInfo1.aspx?PrjNum=131181-160701-01-02&Types=0, line 31: TypeError: $.fn.BuildProPhaseInfor is not a function
JavaScript error: http://jzsg.hebjs.gov.cn/jwkfbProject/HeBeiRealtyDev/Pages/Publish/Publish_ItemInfo1.aspx?PrjNum=131100-160627-01-04&Types=0, line 31: TypeError: $.fn.BuildProPhaseInfor is not a function
JavaScript error: http://jzsg.hebjs.gov.cn/jwkfbProject/HeBeiRealtyDev/Pages/Publish/Publish_ItemInfo1.aspx?PrjNum=130731-160626-01-08&Types=0, line 31: TypeError: $.fn.BuildProPhaseInfor is not a function
JavaScript error: http://jzsg.hebjs.gov.cn/jwkfbProject/HeBeiRealtyDev/Pages/Publish/Publish_ItemInfo1.aspx?PrjNum=130427-160818-01-34&Types=0, line 31: TypeError: $.fn.BuildProPhaseInfor is not a function
JavaScript error: http://jzsg.hebjs.gov.cn/jwkfbProject/HeBeiRealtyDev/Pages/Publish/Publish_ItemInfo1.aspx?PrjNum=130427-160818-01-33&Types=0, line 31: TypeError: $.fn.BuildProPhaseInfor is not a function
[Parent 10780, Gecko_IOThread] WARNING: pipe error: 109: file z:/build/build/src/ipc/chromium/src/chrome/common/ipc_channel_win.cc, line 346
[Child 13824, Chrome_ChildThread] WARNING: pipe error: 109: file z:/build/build/src/ipc/chromium/src/chrome/common/ipc_channel_win.cc, line 346
[Child 13824, Chrome_ChildThread] W
###!!! [Child][MessageChannel::SendAndWait] Error: Channel error: cannot send/recv

1528267964400	geckodriver	INFO	geckodriver 0.20.1
1528267964432	geckodriver	INFO	Listening on 127.0.0.1:32615
1528267966474	mozrunner::runner	INFO	Running command: "C:\\Program Files\\Mozilla Firefox\\firefox.exe" "-marionette" "-profile" "C:\\Users\\wz\\AppData\\Local\\Temp\\rust_mozprofile.fumUUWP394gY"
1528267973706	Marionette	INFO	Listening on port 32625
1528267974493	Marionette	WARN	TLS certificate errors will be ignored for this session
[Child 26960, Chrome_ChildThread] WARNING: pipe error: 109: file z:/build/build/src/ipc/chromium/src/chrome/common/ipc_channel_win.cc, line 346
[Child 26108, Chrome_ChildThread] WARNING: pipe error: 109: file z:/build/build/src/ipc/chromium/src/chrome/common/ipc_channel_win.cc, line 346
[Child 26108, Chrome_ChildThread] WARNING: pipe error: 109: file z:/build/build/src/ipc/chromium/src/chrome/common/ipc_channel_win.cc, *** UTM:SVC TimerManager:registerTimer called after profile-before-change notification. Ignoring timer registration for id: telemetry_modules_ping
[GPU 26340, Chrome_ChildThread] WARNING: pipe error: 109: file z:/build/build/src/ipc/chromium/src/chrome/common/ipc_channel_win.cc, line 346

###!!! [Child][MessageChannel::SendAndWait] Error: Channel error: cannot send/recv

1528268022230	geckodriver	INFO	geckodriver 0.20.1
1528268022272	geckodriver	INFO	Listening on 127.0.0.1:32814
1528268024273	mozrunner::runner	INFO	Running command: "C:\\Program Files\\Mozilla Firefox\\firefox.exe" "-marionette" "-profile" "C:\\Users\\wz\\AppData\\Local\\Temp\\rust_mozprofile.ZqCwjdMJt9mq"
1528268029545	Marionette	INFO	Listening on port 32823
1528268029603	Marionette	WARN	TLS certificate errors will be ignored for this session
[Parent 27052, Gecko_IOThread] WARNING: pipe error: 109: file z:/build/build/src/ipc/chromium/src/chrome/common/ipc_channel_win.cc, line 346
[Child 26816, Chrome_ChildThread] WARNING: pipe error: 109: file z:/build/build/src/ipc/chromium/src/chrome/common/ipc_channel_win.cc, l[iChild 11112, Chrome_ChildThread] WARNING: pipe error: 109: file z:/build/build/src/ipc/chromium/src/chrome/common/ipc_channeln_ewin.cc, line 346 
346
[Child 11112, C[Child 26816, Chrome_ChildThread] WARNING: pipe error: 109: file z:/
###!!! [Child][MessageChannel::SendAndWait] Error: Channel error: cannot send/recv

1530684310405	geckodriver	INFO	geckodriver 0.20.1
1530684310429	geckodriver	INFO	Listening on 127.0.0.1:19987
1530684312474	mozrunner::runner	INFO	Running command: "C:\\Program Files\\Mozilla Firefox\\firefox.exe" "-marionette" "-profile" "C:\\Users\\wz\\AppData\\Local\\Temp\\rust_mozprofile.UQvkA32LGU2V"
1530684323166	geckodriver	INFO	geckodriver 0.20.1
1530684323181	geckodriver	INFO	Listening on 127.0.0.1:20022
1530684325199	mozrunner::runner	INFO	Running command: "C:\\Program Files\\Mozilla Firefox\\firefox.exe" "-marionette" "-profile" "C:\\Users\\wz\\AppData\\Local\\Temp\\rust_mozprofile.HcetfDAztYko"
1530684328846	Marionette	INFO	Listening on port 20030
1530684329374	Marionette	WARN	TLS certificate errors will be ignored for this session
*** UTM:SVC TimerManager:registerTimer called after profile-before-change notification. Ignoring timer registration for id: telemetry_modules_ping

###!!! [Child][MessageChannel::SendAndWait] Error: Channel error: cannot send/recv

