1527063466474	geckodriver	INFO	geckodriver 0.20.1
1527063466497	geckodriver	INFO	Listening on 127.0.0.1:10730
1527063468511	mozrunner::runner	INFO	Running command: "C:\\Program Files\\Mozilla Firefox\\firefox.exe" "-marionette" "-profile" "C:\\Users\\wz\\AppData\\Local\\Temp\\rust_mozprofile.1FLGLsb3luG5"
1527063471976	Marionette	INFO	Listening on port 10740
1527063472268	Marionette	WARN	TLS certificate errors will be ignored for this session
[Parent 5644, Gecko_IOThread] WARNING: pipe error: 109: file z:/build/build/src/ipc/chromium/src/chrome/common/ipc_channel_win.cc, line 346
[Parent 5644, Gecko_IOThread] WARNING: pipe error: 109: file z:/build/build/src/ipc/chromium/src/chrome/common/ipc_channel_win.cc, line 346
[Child 4492, Chrome_ChildThread] WARNING: pipe error: 109: file z:/build/build/src/ipc/chromium/src/chrome/common/ipc_channel_win.cc, line 346
*** UTM:SVC TimerManager:registerTimer called after profile-before-change notification. Ignoring timer registration for id: telemetry_modules_ping

###!!! [Child][MessageChannel::SendAndWait] Error: Channel error: cannot send/recv

1527063630979	geckodriver	INFO	geckodriver 0.20.1
1527063630994	geckodriver	INFO	Listening on 127.0.0.1:11364
1527063633009	mozrunner::runner	INFO	Running command: "C:\\Program Files\\Mozilla Firefox\\firefox.exe" "-marionette" "-profile" "C:\\Users\\wz\\AppData\\Local\\Temp\\rust_mozprofile.S2l2Nmrk7Ywu"
1527063636288	Marionette	INFO	Listening on port 11374
1527063636707	Marionette	WARN	TLS certificate errors will be ignored for this session
[Parent 12432, Gecko_IOThread] WARNING: pipe error: 109: file z:/build/build/src/ipc/chromium/src/chrome/common/ipc_channel_win.cc, line 346
[Parent 12432, Gecko_IOThread] WARNING: pipe error: 109: file z:/build/build/src/ipc/chromium/src/chrome/common/ipc_channel_win.cc, line 346
[Child 3784, Chrome_ChildThread] WARNING: pipe error: 109: file z:/build/build/src/ipc/chromium/src/chrome/common/ipc_channel_win.cc, line 346
[Ch
###!!! [Child][MessageChannel::SendAndWait] Error: Channel error: cannot send/recv

1527063867474	geckodriver	INFO	geckodriver 0.20.1
1527063867495	geckodriver	INFO	Listening on 127.0.0.1:12036
1527063869499	mozrunner::runner	INFO	Running command: "C:\\Program Files\\Mozilla Firefox\\firefox.exe" "-marionette" "-profile" "C:\\Users\\wz\\AppData\\Local\\Temp\\rust_mozprofile.4kmZXIn1QIgF"
1527063873178	Marionette	INFO	Listening on port 12047
1527063873663	Marionette	WARN	TLS certificate errors will be ignored for this session

###!!! [Child][RunMessage] Error: Channel closing: too late to send/recv, messages will be lost

[Child 9124, Chrome_ChildThread] WARNING: pipe error: 109: file z:/build/build/src/ipc/chromium/src/chrome/common/ipc_channel_win.cc, line 346
[Child 9124, Chrome_ChildThread] WAR
###!!! [Child][MessageChannel::SendAndWait] Error: Channel error: cannot send/recv

929727	Marionette	WARN	TLS certificate errors will be ignored for this session
[Child 1792, Chrome_ChildThread] WARNING: pipe error: 109: file z:/build/build/src/ipc/chromium/src/chrome/common/ipc_channel_win.cc, line 346
[Child 1792, Chrome_ChildThread] WARNING: pipe error: 109: file z:/build/build/src/ipc/chromium/src/ch
###!!! [Child][RunMessage] Error: Channel closing: too late to send/recv, messages will be lost

[Child 11060, Chrome_ChildThread] WARNING: pipe error: 109: file z:/build/build/src/ipc/chromium/src/chrome/common/ipc_channel_win.cc, line 346
[Chi*** UTM:SVC TimerManager:registerTimer called after profile-before-change notification. Ignoring timer registration for id: telemetry_modules_ping

###!!! [Child][MessageChannel::SendAndWait] Error: Channel error: cannot send/recv

1527063943841	geckodriver	INFO	geckodriver 0.20.1
1527063943858	geckodriver	INFO	Listening on 127.0.0.1:12381
1527063945866	mozrunner::runner	INFO	Running command: "C:\\Program Files\\Mozilla Firefox\\firefox.exe" "-marionette" "-profile" "C:\\Users\\wz\\AppData\\Local\\Temp\\rust_mozprofile.EB6Npia1qK9u"
1527063948887	Marionette	INFO	Listening on port 12389
1527063949035	Marionette	WARN	TLS certificate errors will be ignored for this session

###!!! [Parent][MessageChannel] Error: (msgtype=0x15008C,name=PBrowser::Msg_UpdateNativeWindowHandle) Closed channel: cannot send/recv


###!!! [Parent][MessageChannel] Error: (msgtype=0x15007F,name=PBrowser::Msg_Destroy) Closed channel: cannot send/recv


###!!! [Parent][MessageChannel] Error: (msgtype=0x15008C,name=PBrowser::Msg_UpdateNativeWindowHandle) Closed channel: cannot send/recv


###!!! [Parent][MessageChannel] Error: (msgtype=0x15007F,name=PBrowser::Msg_Destroy) Closed channel: cannot send/recv


###!!! [Child][MessageChannel] Error: (msgtype=0x150001,name=PBrowser::Msg_AsyncMessage) Closed channel: cannot send/recv


###!!! [Parent][MessageChannel] Error: (msgtype=0x15008C,name=PBrowser::Msg_UpdateNativeWindowHandle) Closed channel: cannot send/recv


###!!! [Parent][MessageChannel] Error: (msgtype=0x15007F,name=PBrowser::Msg_Destroy) Closed channel: cannot send/recv

JavaScript error: chrome://browser/content/tab-content.js, line 281: NS_ERROR_UNEXPECTED: Component returned failure code: 0x8000ffff (NS_ERROR_UNEXPECTED) [nsIMessageSender.sendAsyncMessage]
[Child 11004, Chrome_ChildThread] WARNING: pipe error: 109: file z:/build/build/src/ipc/chro
###!!! [Child][MessageChannel] Error: (msgtype=0x150001,name=PBrowser::Msg_AsyncMessage) Closed channel: cannot send/recv

mium/src/chrome/common/ipc_channel_win.cc, line 346
JavaScript error: chrome://browser/content/content.js, line 705: NS_ERROR_UNEXPECTED: Component returned failure code: 0x8000ffff (NS_ERROR_UNEXPECTED) [nsIMessageSender.sendAsyncMessage]

###!!! [Child][MessageChannel] Error: (msgtype=0x150001,name=PBrowser::Msg_AsyncMessage) Closed channel: cannot send/recv

JavaScript error: chrome://browser/content/tab-content.js, line 281: NS_ERROR_UNEXPECTED: Component returned failure code: 0x8000ffff (NS_ERROR_UNEXPECTED) [nsIMessageSender.sendAsyncMessage]

###!!! [Child][MessageChannel] Error: (msgtype=0x150001,name=PBrowser::Msg_AsyncMessage) Closed channel: cannot send/recv

JavaScript error: chrome://browser/content/content.js, line 705: NS_ERROR_UNEXPECTED: Component returned failure code: 0x8000ffff (NS_ERROR_UNEXPECTED) [nsIMessageSender.sendAsyncMessage]

###!!! [Child][MessageChannel] Error: (msgtype=0x150015,name=PBrowser::Msg_NotifyIMEFocus) Closed channel: cannot send/recv


###!!! [Child][MessageChannel] Error: (msgtype=0x15002B,name=PBrowser::Msg_SetInputContext) Closed channel: cannot send/recv


###!!! [Child][MessageChannel] Error: (msgtype=0x150001,name=PBrowser::Msg_AsyncMessage) Closed channel: cannot send/recv

JavaScript error: chrome://browser/content/tab-content.js, line 281: NS_ERROR_UNEXPECTED: Component returned failure code: 0x8000ffff (NS_ERROR_UNEXPECTED) [nsIMessageSender.sendAsyncMessage]

###!!! [Child][MessageChannel] Error: (msgtype=0x150001,name=PBrowser::Msg_AsyncMessage) Closed channel: cannot send/recv

JavaScript error: chrome://browser/content/content.js, line 705: NS_ERROR_UNEXPECTED: Component returned failure code: 0x8000ffff (NS_ERROR_UNEXPECTED) [nsIMessageSender.sendAsyncMessage]

###!!! [Child][MessageChannel] Error: (msgtype=0x150001,name=PBrowser::Msg_AsyncMessage) Closed channel: cannot send/recv

!! [Parent][MessageChannel] Error: (msgtype=0x15008C,name=PBrowser::Msg_UpdateNativeWindowHandle) Closed channel: cannot send/recv


###!!! [Parent][MessageChannel] Error: (msgtype=0x15007F,name=PBrowser::Msg_Destroy) Closed channel: cannot send/recv

JavaScript error:
###!!! [Parent][MessageChannel] Error: (msgtype=0x15008C,name=PBrowser::Msg_UpdateNativeWindowHandle) Closed channel: cannot send/recv


###!!! [Parent][MessageChannel] Error: (msgtype=0x15007F,name=PBrowser::Msg_Destroy) Closed channel: cannot send/recv

 chrome://browser/content/tab-content.js, line 281: NS_ERROR_UNEXPECTED: Component returned failure code: 0x8000ffff (NS_ERROR_UNEXPECTED) [nsIMessageSender.sendAsyncMessage]

###!!! [Child][MessageChannel] Error: (msgtype=0x150001,name=PBrowser::Msg_AsyncMessage) Closed channel: cannot send/recv

JavaScript error: chrome://browser
###!!! [Child][MessageChannel] Error: (msgtype=0x150001,name=PBrowser::Msg_AsyncMessage) Closed channel: cannot send/recv

JavaScript error: chrome://browser/content/tab-content.js, line 281: NS_ERROR_UNEXPECTED: Component returned failure code: 0x8000ffff (NS_ERROR_UNEXPECTED) [nsIMessageSender.sendAsyncMessage]

###!!! [Child][MessageChannel] Error: (msgtype=0x150001,name=PBrowser::Msg_AsyncMessage) Closed channel: cannot send/recv

JavaScript error: chrome://browser/content/content.js, line 705: NS_ERROR_UNEXPECTED: Component returned failure code: 0x8000ffff (NS_ERROR_UNEXPECTED) [nsIMessageSender.sendAsyncMessage]

###!!! [Child][MessageChannel] Error: (msgtype=0x150001,name=PBrowser::Msg_AsyncMessage) Closed channel: cannot send/recv

JavaScript error: chrome://browser/content/tab-content.js, line 281: NS_ERROR_UNEXPECTED: Component returned failure code: 0x8000ffff (NS_ERROR_UNEXPECTED) [nsIMessageSender.sendAsyncMessage]

###!!! [Child][MessageChannel] Error: (msgtype=0x150001,name=PBrowser::Msg_AsyncMessage) Closed channel: cannot send/recv

JavaScript error: chrome://browser/content/content.js, line 705: NS_ERROR_UNEXPECTED: Component returned failure code: 0x8000ffff (NS_ERROR_UNEXPECTED) [nsIMessageSender.sendAsyncMessage]

###!!! [Child][MessageChannel] Error: (msgtype=0x15002B,name=PBrowser::Msg_SetInputContext) Closed channel: cannot send/recv

rror: (msgtype=0x150001,name=PBrowser::Msg_AsyncMessage) Closed channel: cannot send/recv

JavaScript error: chrome://browser/content/content.js, line 705: NS_ERROR_UNEXPECTED: Component returned failure code: 0x8000ffff (NS_ERROR_UNEXPECTED) [nsIMessageSender.sendAsyncMessage]
1527123325625	geckodriver	INFO	geckodriver 0.20.1
1527123325655	geckodriver	INFO	Listening on 127.0.0.1:31068
1527123327634	mozrunner::runner	INFO	Running command: "C:\\Program Files\\Mozilla Firefox\\firefox.exe" "-marionette" "-profile" "C:\\Users\\wz\\AppData\\Local\\Temp\\rust_mozprofile.WgopLEFiGkcp"
1527123331470	Marionette	INFO	Listening on port 31075
1527123331928	Marionette	WARN	TLS certificate errors will be ignored for this session
[Child 3988, Chrome_ChildThread] WARNING: pipe error: 109: file z:/build/build/src/ipc/chromium/src/chrome/common/ipc_channel_win.cc, line 346
[Child 3988,*** UTM:SVC TimerManager:registerTimer called after profile-before-change notification. Ignoring timer registration for id: telemetry_modules_ping

###!!! [Child][MessageChannel::SendAndWait] Error: Channel error: cannot send/recv

1527123462925	geckodriver	INFO	geckodriver 0.20.1
1527123462944	geckodriver	INFO	Listening on 127.0.0.1:31347
1527123464965	mozrunner::runner	INFO	Running command: "C:\\Program Files\\Mozilla Firefox\\firefox.exe" "-marionette" "-profile" "C:\\Users\\wz\\AppData\\Local\\Temp\\rust_mozprofile.atXPmED5CLHK"
1527123467951	Marionette	INFO	Listening on port 31357
1527123468149	Marionette	WARN	TLS certificate errors will be ignored for this session
*** UTM:SVC TimerManager:registerTimer called after profile-before-change notification. Ignoring timer registration for id: telemetry_modules_ping

###!!! [Child][MessageChannel::SendAndWait] Error: Channel error: cannot send/recv

1527123621867	geckodriver	INFO	geckodriver 0.20.1
1527123621886	geckodriver	INFO	Listening on 127.0.0.1:31717
1527123623898	mozrunner::runner	INFO	Running command: "C:\\Program Files\\Mozilla Firefox\\firefox.exe" "-marionette" "-profile" "C:\\Users\\wz\\AppData\\Local\\Temp\\rust_mozprofile.U4HD2n9cwQsj"
1527123626920	Marionette	INFO	Listening on port 31723
1527123627074	Marionette	WARN	TLS certificate errors will be ignored for this session
[Parent 12196, Gecko_IOThread] WARNING: pipe error: 109: file z:/build/build/src/ipc/chromium/src/chrome/common/ipc_channel_win.cc, line 346
[Child 1450
###!!! [Child][RunMessage] Error: Channel closing: too late to send/recv, messages will be lost

4, Chrome_ChildThread] WARNING: pipe error: 109: file z:/build/build/src/ipc/chromium/src/chrome/common/ipc_channel_win.cc, line 346
[Child 14504, Chrome_ChildThread] WARNING: pipe error: 109: file z:/bui[Child 224, Chrome_ChildThread] WARNING: pipe error: 109: file z:/build/build/src/ipc/chromium/src/chrome/common/ipc_channel_win.cc, line 346
[Child 224, Chrome_ChildThrea*** UTM:SVC TimerManager:registerTimer called after profile-before-change notification. Ignoring timer registration for id: telemetry_modules_ping
[GPU 17128, Chrome_ChildThread] WARNING: pipe error: 109: file z:/build/build/src/ipc/chromium/src/chrome/common/ipc_channel_win.cc, line 346

###!!! [Child][MessageChannel::SendAndWait] Error: Channel error: cannot send/recv

1527123648975	geckodriver	INFO	geckodriver 0.20.1
1527123648993	geckodriver	INFO	Listening on 127.0.0.1:31809
1527123651015	mozrunner::runner	INFO	Running command: "C:\\Program Files\\Mozilla Firefox\\firefox.exe" "-marionette" "-profile" "C:\\Users\\wz\\AppData\\Local\\Temp\\rust_mozprofile.WVf7aiFdZ8ZJ"
1527123654799	Marionette	INFO	Listening on port 31815
1527123655234	Marionette	WARN	TLS certificate errors will be ignored for this session
JavaScript warning: http://data.eastmoney.com/js_001/notices/ABdetail.js, line 1: SyntaxError: 09 is not a legal ECMA-262 octal constant
[Parent 8516, Gecko_IOThread] WARNING: pipe error: 109: file z:/build/build/src/ipc/chromium/src/chrome/common/ipc_channel_win.cc, line 346
[Child 6552, Chrome_ChildThread] WARNING: pipe error: 109: file z:/build/build/src/ipc/chromium/src/chrome/common/ipc_channel_win.cc, line 346
[Child 6552, Chrome_Ch[Child 15924, Chrome_ChildThread] WARNING: pipe error: 109: file z:/build/build/src/ipc/chromium/src/chrome/common/ipc_channel_win.cc, line 346
[Child 15924, Chrome_ChildThread] WARNING: pipe error: 109: file z:/build/build/src/ipc/ch[Parent 8516, Gecko_IOThread] WARNING: pipe error: 109: file z:/build/build/src/ipc/chromium/src/chrome/common/ipc_channel_win.cc, line 346
[Child 496, Chrome_ChildThread] WARNING: pipe error: 109: file z:/build/build/src/ipc/chromium/src/chrome/common/ipc_channel_win.cc, line 346
[Child 496, Chrome_ChildThread] W
###!!! [Child][MessageChannel::SendAndWait] Error: Channel error: cannot send/recv

 pi
###!!! [Child][MessageChannel::SendAndWait] Error: Channel error: cannot send/recv

1527125147070	geckodriver	INFO	geckodriver 0.20.1
1527125147088	geckodriver	INFO	Listening on 127.0.0.1:36729
1527125149103	mozrunner::runner	INFO	Running command: "C:\\Program Files\\Mozilla Firefox\\firefox.exe" "-marionette" "-profile" "C:\\Users\\wz\\AppData\\Local\\Temp\\rust_mozprofile.ANvdwKffJU91"
1527125152491	Marionette	INFO	Listening on port 36741
1527125152747	Marionette	WARN	TLS certificate errors will be ignored for this session
JavaScript warning: http://data.eastmoney.com/js_001/notices/ABdetail.js, line 1: SyntaxError: 09 is not a legal ECMA-262 octal constant
JavaScript warning: http://data.eastmoney.com/js_001/notices/ABdetail.js, line 1: SyntaxError: 09 is not a legal ECMA-262 octal constant
JavaScript warning: http://data.eastmoney.com/js_001/notices/ABdetail.js, line 1: SyntaxError: 09 is not a legal ECMA-262 octal constant
JavaScript warning: http://data.eastmoney.com/js_001/notices/ABdetail.js, line 1: SyntaxError: 09 is not a legal ECMA-262 octal constant
[Parent 4204, Gecko_IOThread] WARNING: pipe error: 109: file z:/build/build/src/ipc/chromium/src/chrome/common/ipc_channel_win.cc, line 346
[Parent 4204, Gecko_IOThread] WARNING: pipe error: 109: file z:/build/build/src/ipc/chromium/src/chrome/common/ipc_channel_win.cc, line 346
[Child 11176, Chrome_ChildThread] WARNING: pipe error: 109: file z:/buil[Child 6400, Chrome_ChildThread] WARNING: pipe error: 109: file z:/build/build/src/ipc/chromium/src/chrome/common/ipc_channel_win.cc, line 346
[Child 6400, Chrome_ChildThread] WARNING: pipe error: 109: file z:/build/build/src/ipc/chromium/src/chrome/common/ipc_channel_win.cc, line 346

###!!! [Child][MessageChannel::SendAndWait] Error: Channel error: cannot send/recv

