1545272419782	geckodriver	INFO	geckodriver 0.20.1
1545272419826	geckodriver	INFO	Listening on 127.0.0.1:51075
1545272422587	mozrunner::runner	INFO	Running command: "C:\\Program Files\\Mozilla Firefox\\firefox.exe" "-marionette" "-profile" "C:\\Users\\wz\\AppData\\Local\\Temp\\rust_mozprofile.lkZddMLGGHDQ"
1545272428517	Marionette	INFO	Listening on port 51084
1545272428612	Marionette	WARN	TLS certificate errors will be ignored for this session
JavaScript error: https://ss1.bdstatic.com/5eN1bjq8AAUYm2zgoY3K/r/www/cache/static/protocol/https/plugins/every_cookie_4644b13.js, line 4: ReferenceError: c is not defined
*** UTM:SVC TimerManager:registerTimer called after profile-before-change notification. Ignoring timer registration for id: telemetry_modules_ping

###!!! [Child][MessageChannel::SendAndWait] Error: Channel error: cannot send/recv

1545273370712	geckodriver	INFO	geckodriver 0.20.1
1545273370741	geckodriver	INFO	Listening on 127.0.0.1:51511
1545273373522	mozrunner::runner	INFO	Running command: "C:\\Program Files\\Mozilla Firefox\\firefox.exe" "-marionette" "-profile" "C:\\Users\\wz\\AppData\\Local\\Temp\\rust_mozprofile.eF5A0tt9PfCz"
1545273376923	Marionette	INFO	Listening on port 51520
1545273377210	Marionette	WARN	TLS certificate errors will be ignored for this session
JavaScript error: https://ss1.bdstatic.com/5eN1bjq8AAUYm2zgoY3K/r/www/cache/static/protocol/https/plugins/every_cookie_4644b13.js, line 4: ReferenceError: c is not defined
[Parent 24524, Gecko_IOThread] WARNING: pipe error: 109: file z:/build/build/src/ipc/chromium/src/chrome/commo1545273443904	mozrunner::runner	
###!!! [Child][MessageChannel::SendAndWait] Error: Channel error: cannot send/recv

profile" "C:\\Users\\wz\\AppData\\Local\\Temp\\rust_mozprofile.zaIjEhBTPwO9"
1545273448017	Marionette	INFO	Listening on port 51749
1545273448084	Marionette	WARN	TLS certificate errors will be ignored for this session
JavaScript error: https://ss1.bdstatic.com/5eN1bjq8AAUYm2zgoY3K/r/www/cache/static/protocol/https/plugins/every_cookie_4644b13.js, line 4: ReferenceError: c is not defined
[Parent 3640, Gecko_IOThread] WARNING: pipe error: 109: file z:/build/build/src/ipc/chromium/src/chrome/common/ipc_channel_win.cc, line 346
*** UTM:SVC TimerManager:registerTimer called after profile-before-change notification. Ignoring timer registration for id: telemetry_modules_ping

###!!! [Child][MessageChannel::SendAndWait] Error: Channel error: cannot send/recv

1545273808438	geckodriver	INFO	geckodriver 0.20.1
1545273808465	geckodriver	INFO	Listening on 127.0.0.1:51900
1545273811317	mozrunner::runner	INFO	Running command: "C:\\Program Files\\Mozilla Firefox\\firefox.exe" "-marionette" "-profile" "C:\\Users\\wz\\AppData\\Local\\Temp\\rust_mozprofile.qEWtjVq67spM"
1545273815195	Marionette	INFO	Listening on port 51908
1545273815518	Marionette	WARN	TLS certificate errors will be ignored for this session
JavaScript error: https://ss1.bdstatic.com/5eN1bjq8AAUYm2zgoY3K/r/www/cache/static/protocol/https/plugins/every_cookie_4644b13.js, line 4: ReferenceError: c is not defined
[Child 24024, Chrome_ChildThread] WARNING: pipe error: 109: file z:/build/build/src/ipc/chromium/src/chrome/common/ipc_channel_win.cc, line 346

###!!! [Child][MessageChannel::SendAndWait] Error: Channel error: cannot send/recv

file" "C:\\Users\\wz\\AppData\\Local\\Temp\\rust_mozprofile.buEyNWxhZyK8"
1545273914463	Marionette	INFO	Listening on port 51976
1545273915057	Marionette	WARN	TLS certificate errors will be ignored for this session
JavaScript error: https://ss1.bdstatic.com/5eN1bjq8AAUYm2zgoY3K/r/www/cache/static/protocol/https/plugins/every_cookie_4644b13.js, line 4: ReferenceError: c is not defined
*** UTM:SVC TimerManager:registerTimer called after profile-before-change notification. Ignoring timer registration for id: telemetry_modules_ping

###!!! [Child][MessageChannel::SendAndWait] Error: Channel error: cannot send/recv

1545273966293	geckodriver	INFO	geckodriver 0.20.1
1545273966321	geckodriver	INFO	Listening on 127.0.0.1:52022
1545273969118	mozrunner::runner	INFO	Running command: "C:\\Program Files\\Mozilla Firefox\\firefox.exe" "-marionette" "-profile" "C:\\Users\\wz\\AppData\\Local\\Temp\\rust_mozprofile.vKDANi1Z7zwZ"
1545273972367	Marionette	INFO	Listening on port 52030
1545273972895	Marionette	WARN	TLS certificate errors will be ignored for this session
JavaScript error: https://ss1.bdstatic.com/5eN1bjq8AAUYm2zgoY3K/r/www/cache/static/protocol/https/plugins/every_cookie_4644b13.js, line 4: ReferenceError: c is not defined
[Parent 22940, Gecko_IOThread] WARNING: pipe error: 109: file z:/build/build/src/ipc/chromium/src/chrome/common/ipc_channel_win.cc, line 346
[Parent 22940, Gecko_IOThread] WARNING: pipe error: 109: file z:/build/build/src/ipc/chromium/src/chrome/common/ipc_channel_win.cc, line 346
*** UTM:SVC TimerManage1545274003319	Marionette	INFO	Listening on port 52079
1545274003974	Marionette	WARN	TLS certificate errors will be ignored for this session
[Parent 8272, Gecko_IOThread] WARNING: pipe error: 109: file z:/build/build/src/ipc/chromium/src/chrome/common/ipc_channel_win.cc, line 346

###!!! [Child][MessageChannel::SendAndWait] Error: Channel error: cannot send/recv

r	INFO	Running command: "C:\\Program Files\\Mozilla Firefox\\firefox.exe" "-marionette" "-profile" "C:\\Users\\wz\\AppData\\Local\\Temp\\rust_mozprofile.IQcZGaV3g13h"
1545274053869	Marionette	INFO	Listening on port 52131
1545274054087	Marionette	WARN	TLS certificate errors will be ignored for this session
JavaScript error: https://ss1.bdstatic.com/5eN1bjq8AAUYm2zgoY3K/r/www/cache/static/protocol/https/plugins/every_cookie_4644b13.js, line 4: ReferenceError: c is not defined
[Parent 13668, Gecko_IOThread] WARNING: pipe error: 109: file z:/build/build/src/ipc/chromium/src/chrome/common/ipc_channel_win.cc, line 346
[Parent 13668, Gecko_IOThread] WARNING: pipe error: 109: file z:/build/build/src/ipc/chromium/src/chrome/common/ipc_channel_win.cc, line 346
[GPU 23000, Chrome_ChildThread] WARNING: pip
###!!! [Child][MessageChannel::SendAndWait] Error: Channel error: cannot send/recv

ill be ignored for this session
JavaScript error: https://ss1.bdstatic.com/5eN1bjq8AAUYm2zgoY3K/r/www/cache/static/protocol/https/plugins/every_cookie_4644b13.js, line 4: ReferenceError: c is not defined
[Parent 25976, Gecko_IOThread] WARNING: pipe error: 109: file z:/build/build/src/ipc/chromium/src/chrome/common/ipc_channel_win.cc, line 346
*** UTM:SVC TimerManager:registerTimer called after profile-before-change notification. Ignoring timer registration for id: telemetry_modules_ping

###!!! [Child][MessageChannel::SendAndWait] Error: Channel error: cannot send/recv

1545274162711	geckodriver	INFO	geckodriver 0.20.1
1545274162749	geckodriver	INFO	Listening on 127.0.0.1:52227
1545274165477	mozrunner::runner	INFO	Running command: "C:\\Program Files\\Mozilla Firefox\\firefox.exe" "-marionette" "-profile" "C:\\Users\\wz\\AppData\\Local\\Temp\\rust_mozprofile.hTyXWQ2w9HAu"
1545274168958	Marionette	INFO	Listening on port 52235
1545274169167	Marionette	WARN	TLS certificate errors will be ignored for this session
JavaScript error: https://ss1.bdstatic.com/5eN1bjq8AAUYm2zgoY3K/r/www/cache/static/protocol/https/plugins/every_cookie_4644b13.js, line 4: ReferenceError: c is not defined
[Parent 8424, Gecko_IOThread] WARNING: pipe error: 109: file z:/build/build/src/ipc/chromium/src/chrome/common1545274213645	mozrunner::runner	INFO	Running command: "C:\\Program Files\\Mozilla Firefox\\firefox.exe" "-marionette" "-profile" "C:\\Users\\wz\\AppData\\Local\\Temp\\rust_mozprofile.RKgwV985tahS"
1545274217066	Marionette	INFO	Listening on port 52283
1545274217362	Marionette	WARN	TLS certificate errors will be ignored for this session
JavaScript error: https://ss1.bdstatic.com/5eN1bjq8AAUYm2zgoY3K/r/www/cache/static/protocol/https/plugins/every_cookie_4644b13.js, line 4: ReferenceError: c is not defined
[Parent 27592, Gecko_IOThread] WARNING: pipe error: 109: file z:/build/build/src/ipc/chromium/src/chrome/common/ipc_channel_win.cc, line 346
[Child 26872, Chrome_ChildThread] WARNING: pipe error: 109: file z:/build/build/src/ipc/chromium/src/chrome/common/ipc_channel_win.cc, line 346
[Child 26872, Chrome_ChildThread] WARNING: pipe error: 109: file z:/build/build/src/ipc/chromium/src/chrome/common/ipc_channel_win.cc, line 346
*** UTM:SVC TimerManager:registerTimer called after profile-before-change notification. Ignoring timer registration for id: telemetry_modules_ping

###!!! [Child][MessageChannel::SendAndWait] Error: Channel error: cannot send/recv

1545274243736	geckodriver	INFO	geckodriver 0.20.1
1545274243765	geckodriver	INFO	Listening on 127.0.0.1:52317
1545274246647	mozrunner::runner	INFO	Running command: "C:\\Program Files\\Mozilla Firefox\\firefox.exe" "-marionette" "-profile" "C:\\Users\\wz\\AppData\\Local\\Temp\\rust_mozprofile.7K9lJnZuSoWm"
1545274250269	Marionette	INFO	Listening on port 52325
1545274250398	Marionette	WARN	TLS certificate errors will be ignored for this session
JavaScript error: https://ss1.bdstatic.com/5eN1bjq8AAUYm2zgoY3K/r/www/cache/static/protocol/https/plugins/every_cookie_4644b13.js, line 4: ReferenceError: c is not defined
[Parent 6368, Gecko_IOThread] WARNING: pipe error: 109: file z:/build/build/src/ipc/chromium/src/chrome/common/ipc_channel_win.cc, line 346
[Parent 6368, Gecko_IOThread] WARNING: pipe error: 109: file z:/build/build/src/ipc/chromium/src/chrome/common/ipc_channel_win.cc, line 346
[Child 24728, Chrome_ChildThread] WARNING: pipe error: 109: file z:/build/build/src/ipc/chromium/src/chrome/common/ipc_channel_win.cc, line 346
[Child 24728, Chrome_CJavaScript error: https://ss1.bdstatic.com/5eN1bjq8AAUYm2zgoY3K/r/www/cache/static/protocol/https/plugins/every_cookie_4644
###!!! [Child][MessageChannel::SendAndWait] Erro[Parent 15524, Gecko_IOThread] WARNING: pipe error: 109: file z:/build/build/src/ipc/chromium/src/chrome/common/ipc_channel_win.cc, line 346
[Parent 15524, Gecko_IOThread] WARNING: pipe error: 109: file z:/build/build/src/ipc/chromium/src/chrome/common/ipc_channel_win.cc, line 346
*** UTM:SVC TimerManager:registerTimer called after profile-before-change notification. Ignoring timer registration for id: telemetry_modules_ping
1545274358638	geckodriver	INFO	geckodriver 0.20.1
1545274358667	geckodriver	INFO	Listening on 127.0.0.1:52429
1545274361423	mozrunner::runner	INFO	Running command: "C:\\Program Files\\Mozilla Firefox\\firefox.exe" "-marionette" "-profile" "C:\\Users\\wz\\AppData\\Local\\Temp\\rust_mozprofile.qy2jdCHfdTGB"
1545274364884	Marionette	INFO	Listening on port 52437
1545274365120	Marionette	WARN	TLS certificate errors will be ignored for this session
JavaScript error: https://ss1.bdstatic.com/5eN1bjq8AAUYm2zgoY3K/r/www/cache/static/protocol/https/plugins/every_cookie_4644b13.js, line 4: ReferenceError: c is not defined
[Child 26108, Chrome_ChildThread] WARNING: pipe error: 109: file z:/build/build/src/ipc/chromium/src/chrome/common/ipc_channel_win.cc, line 346
[Ch[Parent 28484, Gecko_IOThread] WARNING: pipe error: 109: file z:/build/build/src/ipc/chromium/src/chrome/common/ipc_channel_win.cc, line 346
[GPU 25888, Chrome_ChildThread] WARNING: pipe error: 109: file
###!!! [Child][MessageChannel::SendAndWait] Error: Channel error: cannot send/recv

session
JavaScript error: https://ss1.bdstatic.com/5eN1bjq8AAUYm2zgoY3K/r/www/cache/static/protocol/https/plugins/every_cookie_4644b13.js, line 4: ReferenceError: c is not defined
JavaScript warning: http://static.soufunimg.com/newhouse/js/SouFunSearch.js?v=20180824181, line 1003: unreachable code after return statement
[Child 23180, Chrome_ChildThread] WARNING: pipe error: 109: file z:/build/build/src/ipc/chromium/src/chrome/common/ipc_channel_win.cc, line 346
[Child 23[Child 28640, Chrome_ChildThread] WARNING: pipe error: 109: file z:/build/build/src/ipc/chromium/src/chrome/common/ipc_channel_win.cc, line 346
[Chi[Parent 26384, Gecko_IOThread] WARNING: pipe error: 109: file z:/build/build/src/ipc/chromium/src/chrome/common/ipc_channel_win.cc, line 346

###!!! [Child][MessageChannel::SendAndWait] Error: Channel error: cannot send/recv

1545284105902	geckodriver	INFO	geckodriver 0.20.1
1545284106001	geckodriver	INFO	Listening on 127.0.0.1:59250
1545284108559	mozrunner::runner	INFO	Running command: "C:\\Program Files\\Mozilla Firefox\\firefox.exe" "-marionette" "-profile" "C:\\Users\\wz\\AppData\\Local\\Temp\\rust_mozprofile.PQl0dAL0Xs7y"
1545284113257	Marionette	INFO	Listening on port 59258
1545284113969	Marionette	WARN	TLS certificate errors will be ignored for this session
JavaScript error: https://ss1.bdstatic.com/5eN1bjq8AAUYm2zgoY3K/r/www/cache/static/protocol/https/plugins/every_cookie_4644b13.js, line 4: ReferenceError: c is not defined
[Child 5236, Chrome_ChildThread] WARNING: pipe error: 109: file z:/build/build/src/ipc/chromium/src/chrome/common/ipc_channel_win.cc, line 346
[Child 
###!!! [Child][MessageChannel::SendAndWait] Error: Channel error: cannot send/recv

"C:\\Users\\wz\\AppData\\Local\\Temp\\rust_mozprofile.69uYuOafPmFe"
1545284185739	Marionette	INFO	Listening on port 59314
1545284186362	Marionette	WARN	TLS certificate errors will be ignored for this session
JavaScript error: https://ss1.bdstatic.com/5eN1bjq8AAUYm2zgoY3K/r/www/cache/static/protocol/https/plugins/every_cookie_4644b13.js, line 4: ReferenceError: c is not defined
[Parent 16256, Gecko_IOThread] WARNING: pipe error: 109: file z:/build/build/src/ipc/chromium/src/chrome/common/ipc_channel_win.cc, line 346
[Child 24364, Chrome_ChildThread] WARNING: pipe error: 109: file z:/build/build/src/ipc/chromium/src/chrome/common/ipc_channel_win.cc, line 346
[C
###!!! [Child][M1545284261376	Marionette	INFO	Listening on port 59405
1545284262096	Marionette	WARN	TLS certificate errors will be ignored for this session
JavaScript error: https://ss1.bdstatic.com/5eN1bjq8AAUYm2zgoY3K/r/www/cache/static/protocol/https/plugins/every_cookie_4644b13.js, line 4: ReferenceError: c is not defined
JavaScript warning: http://static.soufunimg.com/??newhouse/js/adverLb_fang.js,newhouse/js/SoufunCookie.js,newhouse/js/searchbox.js,newhouse/js/MobileSendCode.js?v=20181214,newhouse/js/big_huodong_total.js?v=20181106,common_m/pc_public/fangjs/build/ie8/ie8.3.js,newhouse/js/newhouse_shadow400_land.js,zbs/newhouse/js/PNGtransparent.js,newhouse/js/v2/detail_fixnav.js?v=20180824,newhouse/js/v2/adXml.js?v=1,homepage/new/fang905bj/newsV3/js/barrageV14.js,homepage/new/fang905bj/newsV3/js/danmu_adaptive.js,homepage/new/family/js/loginUnited.js?v=201810111043,newhouse/js/local.js,newhouse/js/jsold/house/detail_new/js/Root.Xml.js,newhouse/js/v2/SouFunSearch.js?v=20180824191,newhouse/js/v2/error_recovery.js,newhouse/js/v2/detail_body_201609.js?v=20180522,newhouse/js/v2/newhouse_LiveVideo.js?v=20161122,newhouse/js/2013/houseFavorite_viewHouse.js?v=2, line 4636: unreachable code after return statement
[Child 7268, Chrome_ChildThread] WARNING: pipe error: 109: file z:/build/build/src/ipc/chromium/src/chrome/common/ipc_channel_win.cc, line 346
[Child 7268, Chrome_ChildThread] WARNING: pipe error: 109: file z:/build/build/src/ipc/chromium/src/chrome/common/ipc_channel_win.cc, line 346
[Parent 16764, Gecko_IOThread] WARNING: pipe error: 109: file z:/build/build/src/ipc/chromium/src/chrome/common/ipc_channel_win.cc, line 346
*** UTM:SVC TimerManager:registerTimer called after profile-before-change notification. Ignoring timer registration for id: telemetry_modules_ping

###!!! [Child][MessageChannel::SendAndWait] Error: Channel error: cannot send/recv

1545284439401	geckodriver	INFO	geckodriver 0.20.1
1545284439440	geckodriver	INFO	Listening on 127.0.0.1:59797
1545284442162	mozrunner::runner	INFO	Running command: "C:\\Program Files\\Mozilla Firefox\\firefox.exe" "-marionette" "-profile" "C:\\Users\\wz\\AppData\\Local\\Temp\\rust_mozprofile.JJcRHNyh8D5j"
1545284446582	Marionette	INFO	Listening on port 59810
1545284447464	Marionette	WARN	TLS certificate errors will be ignored for this session
JavaScript warning: http://static.soufunimg.com/??newhouse/js/adverLb_fang.js,newhouse/js/SoufunCookie.js,newhouse/js/searchbox.js,newhouse/js/MobileSendCode.js?v=20181214,newhouse/js/big_huodong_total.js?v=20181106,common_m/pc_public/fangjs/build/ie8/ie8.3.js,newhouse/js/newhouse_shadow400_land.js,zbs/newhouse/js/PNGtransparent.js,newhouse/js/v2/detail_fixnav.js?v=20180824,newhouse/js/v2/adXml.js?v=1,homepage/new/fang905bj/newsV3/js/barrageV14.js,homepage/new/fang905bj/newsV3/js/danmu_adaptive.js,homepage/new/family/js/loginUnited.js?v=201810111043,newhouse/js/local.js,newhouse/js/jsold/house/detail_new/js/Root.Xml.js,newhouse/js/v2/SouFunSearch.js?v=20180824191,newhouse/js/v2/error_recovery.js,newhouse/js/v2/detail_body_201609.js?v=20180522,newhouse/js/v2/newhouse_LiveVideo.js?v=20161122,newhouse/js/2013/houseFavorite_viewHouse.js?v=2, line 4636: unreachable code after return statement
[Child 23936, Chrome_ChildThread] WARNING: pipe error: 109: file z:/build/build/src/ipc/chromium/src/chrome/common/ipc_channel_win.cc, line 346
[Child 23936, Chrome_ChildThread] WARNING: pipe error: 109: file z:/build/build/src/ipc/chromium/src/chrome/common/ipc_channel_win.cc, line 346
*** UTM:SVC TimerManager:registerTimer called after profile-before-change notification. Ignoring timer registration for id: telemetry_modules_ping
[GPU 27092, Chrome_ChildT
###!!! [Child][MessageChannel::SendAndWait] Error: Channel error: cannot send/recv

1562988374212	mozrunner::runner	INFO	Running command: "/Applications/Firefox.app/Contents/MacOS/firefox-bin" "-marionette" "-foreground" "-no-remote" "-profile" "/var/folders/p9/hbs271d13793b90t31nztc4w0000gn/T/rust_mozprofile.IV5WioEt8m8Y"
1562988375615	addons.webextension.screenshots@mozilla.org	WARN	Loading extension 'screenshots@mozilla.org': Reading manifest: Invalid extension permission: mozillaAddons
1562988375616	addons.webextension.screenshots@mozilla.org	WARN	Loading extension 'screenshots@mozilla.org': Reading manifest: Invalid extension permission: telemetry
1562988375616	addons.webextension.screenshots@mozilla.org	WARN	Loading extension 'screenshots@mozilla.org': Reading manifest: Invalid extension permission: resource://pdf.js/
1562988375616	addons.webextension.screenshots@mozilla.org	WARN	Loading extension 'screenshots@mozilla.org': Reading manifest: Invalid extension permission: about:reader*
1562988378938	Marionette	INFO	Listening on port 62450
1562988378962	Marionette	WARN	TLS certificate errors will be ignored for this session
JavaScript error: https://ss1.bdstatic.com/5eN1bjq8AAUYm2zgoY3K/r/www/cache/static/protocol/https/plugins/every_cookie_mac_82990d4.js, line 4: ReferenceError: c is not defined
JavaScript warning: https://static.soufunimg.com/??newhouse/js/adverLb_fang.js,newhouse/js/SoufunCookie.js,newhouse/js/searchbox.js,newhouse/js/MobileSendCode.js?v=201906261,common_m/pc_public/fangjs/build/ie8/ie8.2.js,newhouse/js/newhouse_shadow400_land.js,zbs/newhouse/js/PNGtransparent.js,newhouse/js/v2/detail_fixnav.js?v=20180824,newhouse/js/v2/adXml.js?v=3,homepage/new/fang905bj/newsV3/js/barrageV14.js,homepage/new/fang905bj/newsV3/js/danmu_adaptive.js,homepage/new/family/js/loginUnited.js?v=02111605,newhouse/js/local.js,newhouse/js/jsold/house/detail_new/js/Root.Xml.js,newhouse/js/v2/SouFunSearch.js?v=20190305,newhouse/js/v2/error_recovery.js?v=20190226,newhouse/js/v2/detail_body_201609.js?v=20190606,newhouse/js/v2/newhouse_LiveVideo.js?v=20161122,newhouse/js/2013/houseFavorite_viewHouse.js?v=2,common_m/pc_public/pcshare/js/share.js?v=20171229, line 3177: unreachable code after return statement
JavaScript error: https://static.soufunimg.com/??newhouse/js/adverLb_fang.js,newhouse/js/SoufunCookie.js,newhouse/js/searchbox.js,newhouse/js/MobileSendCode.js?v=201906261,common_m/pc_public/fangjs/build/ie8/ie8.2.js,newhouse/js/newhouse_shadow400_land.js,zbs/newhouse/js/PNGtransparent.js,newhouse/js/v2/detail_fixnav.js?v=20180824,newhouse/js/v2/adXml.js?v=3,homepage/new/fang905bj/newsV3/js/barrageV14.js,homepage/new/fang905bj/newsV3/js/danmu_adaptive.js,homepage/new/family/js/loginUnited.js?v=02111605,newhouse/js/local.js,newhouse/js/jsold/house/detail_new/js/Root.Xml.js,newhouse/js/v2/SouFunSearch.js?v=20190305,newhouse/js/v2/error_recovery.js?v=20190226,newhouse/js/v2/detail_body_201609.js?v=20190606,newhouse/js/v2/newhouse_LiveVideo.js?v=20161122,newhouse/js/2013/houseFavorite_viewHouse.js?v=2,common_m/pc_public/pcshare/js/share.js?v=20171229, line 1833: NS_ERROR_NOT_INITIALIZED: 
JavaScript error: resource:///actors/SearchTelemetryChild.jsm, line 160: TypeError: this.content is null
console.error: BroadcastService: 
  receivedBroadcastMessage: handler for
  remote-settings/monitor_changes
  threw error:
  Message: Error: Polling for changes failed: http://%(server)s/dummy/blocklist//buckets/monitor/collections/changes/records?_expected=%221562976008400%22 is not a valid URL..
  Stack:
    remoteSettingsFunction/remoteSettings.pollChanges@resource://services-settings/remote-settings.js:201:13

1563001720345	Marionette	INFO	Stopped listening on port 62450
