[INFO  - 2019-07-13T03:26:35.971Z] GhostDriver - Main - running on port 62573
[INFO  - 2019-07-13T03:26:36.310Z] Session [0500c810-a51e-11e9-af4c-bd2fb5bf9997] - page.settings - {"XSSAuditingEnabled":false,"javascriptCanCloseWindows":true,"javascriptCanOpenWindows":true,"javascriptEnabled":true,"loadImages":true,"localToRemoteUrlAccessEnabled":false,"userAgent":"Mozilla/5.0 (Macintosh; Intel Mac OS X) AppleWebKit/538.1 (KHTML, like Gecko) PhantomJS/2.1.1 Safari/538.1","webSecurityEnabled":true}
[INFO  - 2019-07-13T03:26:36.310Z] Session [0500c810-a51e-11e9-af4c-bd2fb5bf9997] - page.customHeaders:  - {}
[INFO  - 2019-07-13T03:26:36.310Z] Session [0500c810-a51e-11e9-af4c-bd2fb5bf9997] - Session.negotiatedCapabilities - {"browserName":"phantomjs","version":"2.1.1","driverName":"ghostdriver","driverVersion":"1.2.0","platform":"mac-unknown-64bit","javascriptEnabled":true,"takesScreenshot":true,"handlesAlerts":false,"databaseEnabled":false,"locationContextEnabled":false,"applicationCacheEnabled":false,"browserConnectionEnabled":false,"cssSelectorsEnabled":true,"webStorageEnabled":false,"rotatable":false,"acceptSslCerts":false,"nativeEvents":true,"proxy":{"proxyType":"direct"}}
[INFO  - 2019-07-13T03:26:36.310Z] SessionManagerReqHand - _postNewSessionCommand - New Session Created: 0500c810-a51e-11e9-af4c-bd2fb5bf9997
[ERROR - 2019-07-13T03:26:36.578Z] Session [0500c810-a51e-11e9-af4c-bd2fb5bf9997] - page.onError - msg: ReferenceError: Can't find variable: c

  phantomjs://platform/console++.js:263 in error
[ERROR - 2019-07-13T03:26:36.578Z] Session [0500c810-a51e-11e9-af4c-bd2fb5bf9997] - page.onError - stack:
  sendLog (https://ss1.bdstatic.com/5eN1bjq8AAUYm2zgoY3K/r/www/cache/static/protocol/https/plugins/every_cookie_mac_82990d4.js:4)
  (anonymous function) (https://ss1.bdstatic.com/5eN1bjq8AAUYm2zgoY3K/r/www/cache/static/protocol/https/plugins/every_cookie_mac_82990d4.js:5)

  phantomjs://platform/console++.js:263 in error
[INFO  - 2019-07-13T03:26:36.794Z] Session [0500c810-a51e-11e9-af4c-bd2fb5bf9997] - page.settings - {"XSSAuditingEnabled":false,"javascriptCanCloseWindows":true,"javascriptCanOpenWindows":true,"javascriptEnabled":true,"loadImages":true,"localToRemoteUrlAccessEnabled":false,"userAgent":"Mozilla/5.0 (Macintosh; Intel Mac OS X) AppleWebKit/538.1 (KHTML, like Gecko) PhantomJS/2.1.1 Safari/538.1","webSecurityEnabled":true}
[INFO  - 2019-07-13T03:26:36.794Z] Session [0500c810-a51e-11e9-af4c-bd2fb5bf9997] - page.customHeaders:  - {}
[ERROR - 2019-07-13T03:26:38.527Z] Session [0500c810-a51e-11e9-af4c-bd2fb5bf9997] - page.onError - msg: TypeError: undefined is not an object (evaluating 'fangimjs.config')

  phantomjs://platform/console++.js:263 in error
[ERROR - 2019-07-13T03:26:38.527Z] Session [0500c810-a51e-11e9-af4c-bd2fb5bf9997] - page.onError - stack:
  (anonymous function) (https://static.soufunimg.com/upload/webim/im4/js/main-im.js?20190528:1)

  phantomjs://platform/console++.js:263 in error
[ERROR - 2019-07-13T03:26:40.260Z] Session [0500c810-a51e-11e9-af4c-bd2fb5bf9997] - page.onError - msg: ReferenceError: Can't find variable: showLoginId

  phantomjs://platform/console++.js:263 in error
[ERROR - 2019-07-13T03:26:40.260Z] Session [0500c810-a51e-11e9-af4c-bd2fb5bf9997] - page.onError - stack:
  (anonymous function) (https://static.soufunimg.com/newhouse/js/rightTools.js?v=20190226:134)
  o (https://static.soufunimg.com/zbs/newhouse/js/jquery-1.7.2.min.js:2)
  fireWith (https://static.soufunimg.com/zbs/newhouse/js/jquery-1.7.2.min.js:2)
  ready (https://static.soufunimg.com/zbs/newhouse/js/jquery-1.7.2.min.js:2)
  B (https://static.soufunimg.com/zbs/newhouse/js/jquery-1.7.2.min.js:2)

  phantomjs://platform/console++.js:263 in error
[ERROR - 2019-07-13T03:26:43.711Z] WebElementLocator - _handleLocateCommand - Element(s) NOT Found: GAVE UP. Search Stop Time: 1562988403673

  phantomjs://platform/console++.js:263 in error
[ERROR - 2019-07-13T03:26:44.462Z] WebElementLocator - _handleLocateCommand - Element(s) NOT Found: GAVE UP. Search Stop Time: 1562988404423

  phantomjs://platform/console++.js:263 in error
